Build started 14/08/2024 2:19:55 CH.
     1>Project "D:\TestMVC\Bai4trang28\Bai4trang28\Bai4trang28.vcxproj" on node 2 (Build target(s)).
     1>ClCompile:
         C:\Program Files (x86)\VISUAL\VC\bin\CL.exe /c /ZI /nologo /W3 /WX- /sdl /Od /Oy- /D _MBCS /Gm /EHsc /RTC1 /MDd /GS /fp:precise /Zc:wchar_t /Zc:forScope /Fo"Debug\\" /Fd"Debug\vc120.pdb" /Gd /TP /analyze- /errorReport:prompt Source.cpp
         Source.cpp
     1>d:\testmvc\bai4trang28\bai4trang28\source.cpp(8): warning C4566: character represented by universal-character-name '\u1EA3' cannot be represented in the current code page (1252)
     1>d:\testmvc\bai4trang28\bai4trang28\source.cpp(8): warning C4566: character represented by universal-character-name '\u1ED1' cannot be represented in the current code page (1252)
     1>d:\testmvc\bai4trang28\bai4trang28\source.cpp(8): warning C4566: character represented by universal-character-name '\u01B0' cannot be represented in the current code page (1252)
     1>d:\testmvc\bai4trang28\bai4trang28\source.cpp(8): warning C4566: character represented by universal-character-name '\u01A1' cannot be represented in the current code page (1252)
     1>d:\testmvc\bai4trang28\bai4trang28\source.cpp(25): warning C4566: character represented by universal-character-name '\u1EAD' cannot be represented in the current code page (1252)
     1>d:\testmvc\bai4trang28\bai4trang28\source.cpp(25): warning C4566: character represented by universal-character-name '\u1EA1' cannot be represented in the current code page (1252)
     1>d:\testmvc\bai4trang28\bai4trang28\source.cpp(25): warning C4566: character represented by universal-character-name '\u0111' cannot be represented in the current code page (1252)
     1>d:\testmvc\bai4trang28\bai4trang28\source.cpp(25): warning C4566: character represented by universal-character-name '\u1EA7' cannot be represented in the current code page (1252)
     1>d:\testmvc\bai4trang28\bai4trang28\source.cpp(28): warning C4566: character represented by universal-character-name '\u1EAD' cannot be represented in the current code page (1252)
     1>d:\testmvc\bai4trang28\bai4trang28\source.cpp(31): warning C4566: character represented by universal-character-name '\u1EAD' cannot be represented in the current code page (1252)
     1>d:\testmvc\bai4trang28\bai4trang28\source.cpp(31): warning C4566: character represented by universal-character-name '\u1EC9' cannot be represented in the current code page (1252)
     1>d:\testmvc\bai4trang28\bai4trang28\source.cpp(31): warning C4566: character represented by universal-character-name '\u1ED1' cannot be represented in the current code page (1252)
     1>d:\testmvc\bai4trang28\bai4trang28\source.cpp(31): warning C4566: character represented by universal-character-name '\u1EA7' cannot be represented in the current code page (1252)
     1>d:\testmvc\bai4trang28\bai4trang28\source.cpp(31): warning C4566: character represented by universal-character-name '\u1EED' cannot be represented in the current code page (1252)
     1>d:\testmvc\bai4trang28\bai4trang28\source.cpp(37): warning C4566: character represented by universal-character-name '\u1ECB' cannot be represented in the current code page (1252)
     1>d:\testmvc\bai4trang28\bai4trang28\source.cpp(37): warning C4566: character represented by universal-character-name '\u1EA7' cannot be represented in the current code page (1252)
     1>d:\testmvc\bai4trang28\bai4trang28\source.cpp(37): warning C4566: character represented by universal-character-name '\u1EED' cannot be represented in the current code page (1252)
     1>d:\testmvc\bai4trang28\bai4trang28\source.cpp(37): warning C4566: character represented by universal-character-name '\u1EE9' cannot be represented in the current code page (1252)
     1>d:\testmvc\bai4trang28\bai4trang28\source.cpp(37): warning C4566: character represented by universal-character-name '\u1EE7' cannot be represented in the current code page (1252)
     1>d:\testmvc\bai4trang28\bai4trang28\source.cpp(37): warning C4566: character represented by universal-character-name '\u1EA5' cannot be represented in the current code page (1252)
     1>d:\testmvc\bai4trang28\bai4trang28\source.cpp(37): warning C4566: character represented by universal-character-name '\u1ED1' cannot be represented in the current code page (1252)
     1>d:\testmvc\bai4trang28\bai4trang28\source.cpp(37): warning C4566: character represented by universal-character-name '\u1ED9' cannot be represented in the current code page (1252)
       Link:
         C:\Program Files (x86)\VISUAL\VC\bin\link.exe /ERRORREPORT:PROMPT /OUT:"D:\TestMVC\Bai4trang28\Debug\Bai4trang28.exe" /INCREMENTAL /NOLOGO kernel32.lib user32.lib gdi32.lib winspool.lib comdlg32.lib advapi32.lib shell32.lib ole32.lib oleaut32.lib uuid.lib odbc32.lib odbccp32.lib /MANIFEST /MANIFESTUAC:"level='asInvoker' uiAccess='false'" /manifest:embed /DEBUG /PDB:"D:\TestMVC\Bai4trang28\Debug\Bai4trang28.pdb" /TLBID:1 /DYNAMICBASE /NXCOMPAT /IMPLIB:"D:\TestMVC\Bai4trang28\Debug\Bai4trang28.lib" /MACHINE:X86 Debug\Source.obj
         Bai4trang28.vcxproj -> D:\TestMVC\Bai4trang28\Debug\Bai4trang28.exe
     1>Done Building Project "D:\TestMVC\Bai4trang28\Bai4trang28\Bai4trang28.vcxproj" (Build target(s)).

Build succeeded.

Time Elapsed 00:00:01.05
